<?xml version="1.0" encoding="UTF-8"?>
<!-- Generated by org.testng.reporters.JUnitXMLReporter -->
<testsuite hostname="WINCTRL-L53BSHI" ignored="2" name="configurations Tests" tests="2" failures="1" timestamp="06 Dec 2019 02:01:34 GMT" time="42.434" errors="0">
  <testcase name="createSuperUser_CopyOfCreateUserTst" time="25.125" classname="com.freecrm.testcases.DulicateCreateUserTst">
    <failure type="org.openqa.selenium.NoSuchElementException" message="no such element: Unable to locate element: {&amp;quot;method&amp;quot;:&amp;quot;xpath&amp;quot;,&amp;quot;selector&amp;quot;:&amp;quot;/html/body/table[2]/tbody/tr[1]/td[2]/table/tbody/tr/td/fieldset/table/tbody/tr[1]/td&amp;quot;}
  (Session info: chrome=78.0.3904.108)
For documentation on this error, please visit: https://www.seleniumhq.org/exceptions/no_such_element.html
Build info: version: &amp;apos;3.141.59&amp;apos;, revision: &amp;apos;e82be7d358&amp;apos;, time: &amp;apos;2018-11-14T08:17:03&amp;apos;
System info: host: &amp;apos;WINCTRL-L53BSHI&amp;apos;, ip: &amp;apos;192.168.0.104&amp;apos;, os.name: &amp;apos;Windows 8.1&amp;apos;, os.arch: &amp;apos;x86&amp;apos;, os.version: &amp;apos;6.3&amp;apos;, java.version: &amp;apos;1.8.0_144&amp;apos;
Driver info: org.openqa.selenium.chrome.ChromeDriver
Capabilities {acceptInsecureCerts: false, browserName: chrome, browserVersion: 78.0.3904.108, chrome: {chromedriverVersion: 78.0.3904.70 (edb9c9f3de024..., userDataDir: C:\Users\hp\AppData\Local\T...}, goog:chromeOptions: {debuggerAddress: localhost:53546}, javascriptEnabled: true, networkConnectionEnabled: false, pageLoadStrategy: normal, platform: XP, platformName: XP, proxy: Proxy(), setWindowRect: true, strictFileInteractability: false, timeouts: {implicit: 0, pageLoad: 300000, script: 30000}, unhandledPromptBehavior: dismiss and notify}
Session ID: b84bd7974e0d898fda77ea5546363975
*** Element info: {Using=xpath, value=/html/body/table[2]/tbody/tr[1]/td[2]/table/tbody/tr/td/fieldset/table/tbody/tr[1]/td}">
      <![CDATA[org.openqa.selenium.NoSuchElementException: no such element: Unable to locate element: {"method":"xpath","selector":"/html/body/table[2]/tbody/tr[1]/td[2]/table/tbody/tr/td/fieldset/table/tbody/tr[1]/td"}
  (Session info: chrome=78.0.3904.108)
For documentation on this error, please visit: https://www.seleniumhq.org/exceptions/no_such_element.html
Build info: version: '3.141.59', revision: 'e82be7d358', time: '2018-11-14T08:17:03'
System info: host: 'WINCTRL-L53BSHI', ip: '192.168.0.104', os.name: 'Windows 8.1', os.arch: 'x86', os.version: '6.3', java.version: '1.8.0_144'
Driver info: org.openqa.selenium.chrome.ChromeDriver
Capabilities {acceptInsecureCerts: false, browserName: chrome, browserVersion: 78.0.3904.108, chrome: {chromedriverVersion: 78.0.3904.70 (edb9c9f3de024..., userDataDir: C:\Users\hp\AppData\Local\T...}, goog:chromeOptions: {debuggerAddress: localhost:53546}, javascriptEnabled: true, networkConnectionEnabled: false, pageLoadStrategy: normal, platform: XP, platformName: XP, proxy: Proxy(), setWindowRect: true, strictFileInteractability: false, timeouts: {implicit: 0, pageLoad: 300000, script: 30000}, unhandledPromptBehavior: dismiss and notify}
Session ID: b84bd7974e0d898fda77ea5546363975
*** Element info: {Using=xpath, value=/html/body/table[2]/tbody/tr[1]/td[2]/table/tbody/tr/td/fieldset/table/tbody/tr[1]/td}
at org.openqa.selenium.remote.http.W3CHttpResponseCodec.createException(W3CHttpResponseCodec.java:187)
at org.openqa.selenium.remote.http.W3CHttpResponseCodec.decode(W3CHttpResponseCodec.java:122)
at org.openqa.selenium.remote.http.W3CHttpResponseCodec.decode(W3CHttpResponseCodec.java:49)
at org.openqa.selenium.remote.HttpCommandExecutor.execute(HttpCommandExecutor.java:158)
at org.openqa.selenium.remote.service.DriverCommandExecutor.execute(DriverCommandExecutor.java:83)
at org.openqa.selenium.remote.RemoteWebDriver.execute(RemoteWebDriver.java:552)
at org.openqa.selenium.remote.RemoteWebDriver.findElement(RemoteWebDriver.java:323)
at org.openqa.selenium.remote.RemoteWebDriver.findElementByXPath(RemoteWebDriver.java:428)
at org.openqa.selenium.By$ByXPath.findElement(By.java:353)
at org.openqa.selenium.remote.RemoteWebDriver.findElement(RemoteWebDriver.java:315)
at com.freecrm.pages.ReportsPage.verifyCallReports(ReportsPage.java:12)
at com.freecrm.testcases.DulicateCreateUserTst.createSuperUser_CopyOfCreateUserTst(DulicateCreateUserTst.java:65)
... Removed 29 stack frames]]>
    </failure>
  </testcase> <!-- createSuperUser_CopyOfCreateUserTst -->
  <testcase name="createAdminUser_UserCreattionTest" time="0.001" classname="com.freecrm.testcases.UserCreattionTest"/>
  <testcase name="createSuperUser_UserCreattionTest" time="0.0" classname="com.freecrm.testcases.UserCreattionTest">
    <ignored/>
  </testcase> <!-- createSuperUser_UserCreattionTest -->
  <testcase name="createAdminUser_CopyOfCreateUserTst" time="0.0" classname="com.freecrm.testcases.DulicateCreateUserTst">
    <ignored/>
  </testcase> <!-- createAdminUser_CopyOfCreateUserTst -->
</testsuite> <!-- configurations Tests -->
