<?xml version="1.0" encoding="UTF-8"?>
<!-- Generated by org.testng.reporters.JUnitReportReporter -->
<testsuite skipped="1" hostname="WINCTRL-L53BSHI" name="com.freecrm.testcases.RegisterNewUserTest" tests="2" failures="0" timestamp="21 Nov 2019 17:57:38 GMT" time="3.707" errors="1">
  <testcase name="bfrclss" time="3.707" classname="com.freecrm.testcases.RegisterNewUserTest">
    <error type="org.openqa.selenium.SessionNotCreatedException" message="session not created: This version of ChromeDriver only supports Chrome version 76
Build info: version: &#039;3.141.59&#039;, revision: &#039;e82be7d358&#039;, time: &#039;2018-11-14T08:17:03&#039;
System info: host: &#039;WINCTRL-L53BSHI&#039;, ip: &#039;192.168.0.105&#039;, os.name: &#039;Windows 8.1&#039;, os.arch: &#039;x86&#039;, os.version: &#039;6.3&#039;, java.version: &#039;1.8.0_144&#039;
Driver info: driver.version: ChromeDriver
remote stacktrace: Backtrace:
	Ordinal0 [0x01127C53+1473619]
	Ordinal0 [0x010AAD71+961905]
	Ordinal0 [0x010342B3+475827]
	Ordinal0 [0x00FCF365+62309]
	Ordinal0 [0x00FCBC77+48247]
	Ordinal0 [0x00FE9149+168265]
	Ordinal0 [0x00FE8D1D+167197]
	Ordinal0 [0x00FE742B+160811]
	Ordinal0 [0x00FD0AE6+68326]
	Ordinal0 [0x00FD1BF0+72688]
	Ordinal0 [0x00FD1B89+72585]
	Ordinal0 [0x010C4B37+1067831]
	GetHandleVerifier [0x011C6845+506677]
	GetHandleVerifier [0x011C65E0+506064]
	GetHandleVerifier [0x011CD188+533624]
	GetHandleVerifier [0x011C701A+508682]
	Ordinal0 [0x010BC226+1032742]
	Ordinal0 [0x010BC09F+1032351]
	Ordinal0 [0x010C6A4B+1075787]
	Ordinal0 [0x010C6BB3+1076147]
	Ordinal0 [0x010C5B65+1071973]
	BaseThreadInitThunk [0x752E7C04+36]
	RtlInitializeExceptionChain [0x776FAD8F+143]
	RtlInitializeExceptionChain [0x776FAD5A+90]
">
      <![CDATA[org.openqa.selenium.SessionNotCreatedException: session not created: This version of ChromeDriver only supports Chrome version 76
Build info: version: '3.141.59', revision: 'e82be7d358', time: '2018-11-14T08:17:03'
System info: host: 'WINCTRL-L53BSHI', ip: '192.168.0.105', os.name: 'Windows 8.1', os.arch: 'x86', os.version: '6.3', java.version: '1.8.0_144'
Driver info: driver.version: ChromeDriver
remote stacktrace: Backtrace:
Ordinal0 [0x01127C53+1473619]
Ordinal0 [0x010AAD71+961905]
Ordinal0 [0x010342B3+475827]
Ordinal0 [0x00FCF365+62309]
Ordinal0 [0x00FCBC77+48247]
Ordinal0 [0x00FE9149+168265]
Ordinal0 [0x00FE8D1D+167197]
Ordinal0 [0x00FE742B+160811]
Ordinal0 [0x00FD0AE6+68326]
Ordinal0 [0x00FD1BF0+72688]
Ordinal0 [0x00FD1B89+72585]
Ordinal0 [0x010C4B37+1067831]
GetHandleVerifier [0x011C6845+506677]
GetHandleVerifier [0x011C65E0+506064]
GetHandleVerifier [0x011CD188+533624]
GetHandleVerifier [0x011C701A+508682]
Ordinal0 [0x010BC226+1032742]
Ordinal0 [0x010BC09F+1032351]
Ordinal0 [0x010C6A4B+1075787]
Ordinal0 [0x010C6BB3+1076147]
Ordinal0 [0x010C5B65+1071973]
BaseThreadInitThunk [0x752E7C04+36]
RtlInitializeExceptionChain [0x776FAD8F+143]
RtlInitializeExceptionChain [0x776FAD5A+90]

at sun.reflect.NativeConstructorAccessorImpl.newInstance0(Native Method)
at sun.reflect.NativeConstructorAccessorImpl.newInstance(Unknown Source)
at sun.reflect.DelegatingConstructorAccessorImpl.newInstance(Unknown Source)
at java.lang.reflect.Constructor.newInstance(Unknown Source)
at org.openqa.selenium.remote.W3CHandshakeResponse.lambda$errorHandler$0(W3CHandshakeResponse.java:62)
at org.openqa.selenium.remote.HandshakeResponse.lambda$getResponseFunction$0(HandshakeResponse.java:30)
at org.openqa.selenium.remote.ProtocolHandshake.lambda$createSession$0(ProtocolHandshake.java:126)
at java.util.stream.ReferencePipeline$3$1.accept(Unknown Source)
at java.util.Spliterators$ArraySpliterator.tryAdvance(Unknown Source)
at java.util.stream.ReferencePipeline.forEachWithCancel(Unknown Source)
at java.util.stream.AbstractPipeline.copyIntoWithCancel(Unknown Source)
at java.util.stream.AbstractPipeline.copyInto(Unknown Source)
at java.util.stream.AbstractPipeline.wrapAndCopyInto(Unknown Source)
at java.util.stream.FindOps$FindOp.evaluateSequential(Unknown Source)
at java.util.stream.AbstractPipeline.evaluate(Unknown Source)
at java.util.stream.ReferencePipeline.findFirst(Unknown Source)
at org.openqa.selenium.remote.ProtocolHandshake.createSession(ProtocolHandshake.java:128)
at org.openqa.selenium.remote.ProtocolHandshake.createSession(ProtocolHandshake.java:74)
at org.openqa.selenium.remote.HttpCommandExecutor.execute(HttpCommandExecutor.java:136)
at org.openqa.selenium.remote.service.DriverCommandExecutor.execute(DriverCommandExecutor.java:83)
at org.openqa.selenium.remote.RemoteWebDriver.execute(RemoteWebDriver.java:552)
at org.openqa.selenium.remote.RemoteWebDriver.startSession(RemoteWebDriver.java:213)
at org.openqa.selenium.remote.RemoteWebDriver.<init>(RemoteWebDriver.java:131)
at org.openqa.selenium.chrome.ChromeDriver.<init>(ChromeDriver.java:181)
at org.openqa.selenium.chrome.ChromeDriver.<init>(ChromeDriver.java:168)
at org.openqa.selenium.chrome.ChromeDriver.<init>(ChromeDriver.java:123)
at com.freecrm.base.CrmTestBase.initDriver(CrmTestBase.java:48)
at com.freecrm.testcases.RegisterNewUserTest.bfrclss(RegisterNewUserTest.java:37)
at sun.reflect.NativeMethodAccessorImpl.invoke0(Native Method)
at sun.reflect.NativeMethodAccessorImpl.invoke(Unknown Source)
at sun.reflect.DelegatingMethodAccessorImpl.invoke(Unknown Source)
at java.lang.reflect.Method.invoke(Unknown Source)
at org.testng.internal.MethodInvocationHelper.invokeMethod(MethodInvocationHelper.java:124)
at org.testng.internal.MethodInvocationHelper.invokeMethodConsideringTimeout(MethodInvocationHelper.java:59)
at org.testng.internal.Invoker.invokeConfigurationMethod(Invoker.java:458)
at org.testng.internal.Invoker.invokeConfigurations(Invoker.java:222)
at org.testng.internal.Invoker.invokeConfigurations(Invoker.java:142)
at org.testng.internal.TestMethodWorker.invokeBeforeClassMethods(TestMethodWorker.java:168)
at org.testng.internal.TestMethodWorker.run(TestMethodWorker.java:105)
at org.testng.TestRunner.privateRun(TestRunner.java:648)
at org.testng.TestRunner.run(TestRunner.java:505)
at org.testng.SuiteRunner.runTest(SuiteRunner.java:455)
at org.testng.SuiteRunner.runSequentially(SuiteRunner.java:450)
at org.testng.SuiteRunner.privateRun(SuiteRunner.java:415)
at org.testng.SuiteRunner.run(SuiteRunner.java:364)
at org.testng.SuiteRunnerWorker.runSuite(SuiteRunnerWorker.java:52)
at org.testng.SuiteRunnerWorker.run(SuiteRunnerWorker.java:84)
at org.testng.TestNG.runSuitesSequentially(TestNG.java:1208)
at org.testng.TestNG.runSuitesLocally(TestNG.java:1137)
at org.testng.TestNG.runSuites(TestNG.java:1049)
at org.testng.TestNG.run(TestNG.java:1017)
at org.testng.remote.AbstractRemoteTestNG.run(AbstractRemoteTestNG.java:114)
at org.testng.remote.RemoteTestNG.initAndRun(RemoteTestNG.java:251)
at org.testng.remote.RemoteTestNG.main(RemoteTestNG.java:77)
]]>
    </error>
  </testcase> <!-- bfrclss -->
  <testcase name="signUp" time="0.000" classname="com.freecrm.testcases.RegisterNewUserTest">
    <skipped/>
  </testcase> <!-- signUp -->
</testsuite> <!-- com.freecrm.testcases.RegisterNewUserTest -->
